0 info it worked if it ends with ok
1 verbose cli [ '/usr/bin/nodejs',
1 verbose cli   '/usr/bin/npm',
1 verbose cli   'install',
1 verbose cli   'react',
1 verbose cli   'react-dom',
1 verbose cli   '--save' ]
2 info using npm@2.15.11
3 info using node@v4.8.2
4 verbose install initial load of /home/dhrumil/webpack/package.json
5 verbose stack Error: Failed to parse json
5 verbose stack Unexpected token 'S' at 1:1
5 verbose stack Skip to content
5 verbose stack ^
5 verbose stack     at parseError (/usr/lib/node_modules/npm/node_modules/read-package-json/read-json.js:390:11)
5 verbose stack     at parseJson (/usr/lib/node_modules/npm/node_modules/read-package-json/read-json.js:79:23)
5 verbose stack     at /usr/lib/node_modules/npm/node_modules/read-package-json/read-json.js:48:5
5 verbose stack     at /usr/lib/node_modules/npm/node_modules/graceful-fs/graceful-fs.js:78:16
5 verbose stack     at FSReqWrap.readFileAfterClose [as oncomplete] (fs.js:380:3)
6 verbose cwd /home/dhrumil/webpack
7 error Linux 4.8.0-46-generic
8 error argv "/usr/bin/nodejs" "/usr/bin/npm" "install" "react" "react-dom" "--save"
9 error node v4.8.2
10 error npm  v2.15.11
11 error file /home/dhrumil/webpack/package.json
12 error code EJSONPARSE
13 error Failed to parse json
13 error Unexpected token 'S' at 1:1
13 error Skip to content
13 error ^
14 error File: /home/dhrumil/webpack/package.json
15 error Failed to parse package.json data.
15 error package.json must be actual JSON, not just JavaScript.
15 error
15 error This is not a bug in npm.
15 error Tell the package author to fix their package.json file. JSON.parse
16 verbose exit [ 1, true ]
